{"numTotalTestSuites":6,"numPassedTestSuites":6,"numFailedTestSuites":0,"numPendingTestSuites":0,"numTotalTests":23,"numPassedTests":23,"numFailedTests":0,"numPendingTests":0,"numTodoTests":0,"snapshot":{"added":0,"failure":false,"filesAdded":0,"filesRemoved":0,"filesRemovedList":[],"filesUnmatched":0,"filesUpdated":0,"matched":0,"total":0,"unchecked":0,"uncheckedKeysByFile":[],"unmatched":0,"updated":0,"didUpdate":false},"startTime":1790333476529,"success":true,"testResults":[{"assertionResults":[{"ancestorTitles":["honest coverage presentation"],"fullName":"honest coverage presentation does not call full nominal coverage safe when verified arrival is incomplete","status":"passed","title":"does not call full nominal coverage safe when verified arrival is incomplete","duration":133.75484400000005,"failureMessages":[],"meta":{},"tags":[],"benchmarks":[]},{"ancestorTitles":["honest coverage presentation"],"fullName":"honest coverage presentation keeps deferred installment visible outside horizon","status":"passed","title":"keeps deferred installment visible outside horizon","duration":14.545011000000159,"failureMessages":[],"meta":{},"tags":[],"benchmarks":[]},{"ancestorTitles":["honest coverage presentation"],"fullName":"honest coverage presentation renders safe only for full on-time verified coverage","status":"passed","title":"renders safe only for full on-time verified coverage","duration":9.025618000000122,"failureMessages":[],"meta":{},"tags":[],"benchmarks":[]},{"ancestorTitles":["honest coverage presentation"],"fullName":"honest coverage presentation shows actionable empty state without invented figures","status":"passed","title":"shows actionable empty state without invented figures","duration":6.449280000000044,"failureMessages":[],"meta":{},"tags":[],"benchmarks":[]},{"ancestorTitles":["honest coverage presentation"],"fullName":"honest coverage presentation renders security rejection without HTML interpretation","status":"passed","title":"renders security rejection without HTML interpretation","duration":5.382043999999951,"failureMessages":[],"meta":{},"tags":[],"benchmarks":[]},{"ancestorTitles":["honest coverage presentation"],"fullName":"honest coverage presentation propagates server authorization failure instead of reporting success","status":"passed","title":"propagates server authorization failure instead of reporting success","duration":1.6934630000000652,"failureMessages":[],"meta":{},"tags":[],"benchmarks":[]}],"startTime":1790333477423,"endTime":1790333477593.6934,"status":"passed","message":"","name":"/workspace/lattice/apps/web/tests/coverage.test.tsx"},{"assertionResults":[{"ancestorTitles":["language and financial presentation boundaries"],"fullName":"language and financial presentation boundaries switches Vietnamese and Chinese labels, errors and document language; persists the choice","status":"passed","title":"switches Vietnamese and Chinese labels, errors and document language; persists the choice","duration":131.867568,"failureMessages":[],"meta":{},"tags":[],"benchmarks":[]},{"ancestorTitles":["language and financial presentation boundaries"],"fullName":"language and financial presentation boundaries preserves raw evidence and security payloads in vi","status":"passed","title":"preserves raw evidence and security payloads in vi","duration":3.690303999999969,"failureMessages":[],"meta":{},"tags":[],"benchmarks":[]},{"ancestorTitles":["language and financial presentation boundaries"],"fullName":"language and financial presentation boundaries preserves raw evidence and security payloads in zh","status":"passed","title":"preserves raw evidence and security payloads in zh","duration":2.2912780000001476,"failureMessages":[],"meta":{},"tags":[],"benchmarks":[]},{"ancestorTitles":["language and financial presentation boundaries"],"fullName":"language and financial presentation boundaries translates dynamic counts without replacing financial values","status":"passed","title":"translates dynamic counts without replacing financial values","duration":0.40557399999988775,"failureMessages":[],"meta":{},"tags":[],"benchmarks":[]},{"ancestorTitles":["language and financial presentation boundaries"],"fullName":"language and financial presentation boundaries formats currency precision and small FX rates in en","status":"passed","title":"formats currency precision and small FX rates in en","duration":15.130249000000049,"failureMessages":[],"meta":{},"tags":[],"benchmarks":[]},{"ancestorTitles":["language and financial presentation boundaries"],"fullName":"language and financial presentation boundaries formats currency precision and small FX rates in vi","status":"passed","title":"formats currency precision and small FX rates in vi","duration":0.883207000000084,"failureMessages":[],"meta":{},"tags":[],"benchmarks":[]},{"ancestorTitles":["language and financial presentation boundaries"],"fullName":"language and financial presentation boundaries formats currency precision and small FX rates in zh","status":"passed","title":"formats currency precision and small FX rates in zh","duration":0.6782559999999194,"failureMessages":[],"meta":{},"tags":[],"benchmarks":[]},{"ancestorTitles":["language and financial presentation boundaries"],"fullName":"language and financial presentation boundaries has matching nonempty translations for every catalog entry","status":"passed","title":"has matching nonempty translations for every catalog entry","duration":38.01549699999987,"failureMessages":[],"meta":{},"tags":[],"benchmarks":[]},{"ancestorTitles":["language and financial presentation boundaries"],"fullName":"language and financial presentation boundaries uses server-supported currencies while submitting stable ISO codes in Chinese","status":"passed","title":"uses server-supported currencies while submitting stable ISO codes in Chinese","duration":43.741040999999996,"failureMessages":[],"meta":{},"tags":[],"benchmarks":[]}],"startTime":1790333477444,"endTime":1790333477681.741,"status":"passed","message":"","name":"/workspace/lattice/apps/web/tests/i18n.test.tsx"},{"assertionResults":[{"ancestorTitles":["private life event interface"],"fullName":"private life event interface captures, simulates and keeps a purchase without a ledger write in en","status":"passed","title":"captures, simulates and keeps a purchase without a ledger write in en","duration":291.13169800000003,"failureMessages":[],"meta":{},"tags":[],"benchmarks":[]},{"ancestorTitles":["private life event interface"],"fullName":"private life event interface captures, simulates and keeps a purchase without a ledger write in vi","status":"passed","title":"captures, simulates and keeps a purchase without a ledger write in vi","duration":94.79207300000007,"failureMessages":[],"meta":{},"tags":[],"benchmarks":[]},{"ancestorTitles":["private life event interface"],"fullName":"private life event interface captures, simulates and keeps a purchase without a ledger write in zh","status":"passed","title":"captures, simulates and keeps a purchase without a ledger write in zh","duration":98.03001299999983,"failureMessages":[],"meta":{},"tags":[],"benchmarks":[]},{"ancestorTitles":["private life event interface"],"fullName":"private life event interface preserves the sentence and structured amount when switching languages","status":"passed","title":"preserves the sentence and structured amount when switching languages","duration":57.66864600000008,"failureMessages":[],"meta":{},"tags":[],"benchmarks":[]},{"ancestorTitles":["private life event interface"],"fullName":"private life event interface keeps real expense confirmation explicit","status":"passed","title":"keeps real expense confirmation explicit","duration":73.24788199999989,"failureMessages":[],"meta":{},"tags":[],"benchmarks":[]},{"ancestorTitles":["private life event interface"],"fullName":"private life event interface shows an empty inbox and lets the user open capture","status":"passed","title":"shows an empty inbox and lets the user open capture","duration":20.99627200000009,"failureMessages":[],"meta":{},"tags":[],"benchmarks":[]},{"ancestorTitles":["private life event interface"],"fullName":"private life event interface filters closed records and renders translated inbox controls","status":"passed","title":"filters closed records and renders translated inbox controls","duration":32.58867499999997,"failureMessages":[],"meta":{},"tags":[],"benchmarks":[]},{"ancestorTitles":["private life event interface"],"fullName":"private life event interface does not silently round invalid minor units or decimal separators","status":"passed","title":"does not silently round invalid minor units or decimal separators","duration":2.436546000000135,"failureMessages":[],"meta":{},"tags":[],"benchmarks":[]}],"startTime":1790333477531,"endTime":1790333478202.4365,"status":"passed","message":"","name":"/workspace/lattice/apps/web/tests/life.test.tsx"}]}